Determining if the pthread_create exist failed with the following output:
Change Dir: /home/travis/build/gcalvojp/test123/kcov-master/build/CMakeFiles/CMakeTmp

Run Build Command:"/usr/bin/make" "cmTC_d0b7b/fast"
/usr/bin/make -f CMakeFiles/cmTC_d0b7b.dir/build.make CMakeFiles/cmTC_d0b7b.dir/build
make[1]: Entering directory `/home/travis/build/gcalvojp/test123/kcov-master/build/CMakeFiles/CMakeTmp'
Building C object CMakeFiles/cmTC_d0b7b.dir/CheckSymbolExists.c.o
/usr/bin/cc    -o CMakeFiles/cmTC_d0b7b.dir/CheckSymbolExists.c.o   -c /home/travis/build/gcalvojp/test123/kcov-master/build/CMakeFiles/CMakeTmp/CheckSymbolExists.c
Linking C executable cmTC_d0b7b
/usr/local/cmake-3.9.2/bin/cmake -E cmake_link_script CMakeFiles/cmTC_d0b7b.dir/link.txt --verbose=1
/usr/bin/cc      -rdynamic CMakeFiles/cmTC_d0b7b.dir/CheckSymbolExists.c.o  -o cmTC_d0b7b 
CMakeFiles/cmTC_d0b7b.dir/CheckSymbolExists.c.o: In function `main':
CheckSymbolExists.c:(.text+0x16): undefined reference to `pthread_create'
collect2: error: ld returned 1 exit status
make[1]: *** [cmTC_d0b7b] Error 1
make[1]: Leaving directory `/home/travis/build/gcalvojp/test123/kcov-master/build/CMakeFiles/CMakeTmp'
make: *** [cmTC_d0b7b/fast] Error 2

File /home/travis/build/gcalvojp/test123/kcov-master/build/CMakeFiles/CMakeTmp/CheckSymbolExists.c:
/* */
#include <pthread.h>

int main(int argc, char** argv)
{
  (void)argv;
#ifndef pthread_create
  return ((int*)(&pthread_create))[argc];
#else
  (void)argc;
  return 0;
#endif
}

Determining if the function pthread_create exists in the pthreads failed with the following output:
Change Dir: /home/travis/build/gcalvojp/test123/kcov-master/build/CMakeFiles/CMakeTmp

Run Build Command:"/usr/bin/make" "cmTC_ad813/fast"
/usr/bin/make -f CMakeFiles/cmTC_ad813.dir/build.make CMakeFiles/cmTC_ad813.dir/build
make[1]: Entering directory `/home/travis/build/gcalvojp/test123/kcov-master/build/CMakeFiles/CMakeTmp'
Building C object CMakeFiles/cmTC_ad813.dir/CheckFunctionExists.c.o
/usr/bin/cc   -DCHECK_FUNCTION_EXISTS=pthread_create   -o CMakeFiles/cmTC_ad813.dir/CheckFunctionExists.c.o   -c /usr/local/cmake-3.9.2/share/cmake-3.9/Modules/CheckFunctionExists.c
Linking C executable cmTC_ad813
/usr/local/cmake-3.9.2/bin/cmake -E cmake_link_script CMakeFiles/cmTC_ad813.dir/link.txt --verbose=1
/usr/bin/cc  -DCHECK_FUNCTION_EXISTS=pthread_create    -rdynamic CMakeFiles/cmTC_ad813.dir/CheckFunctionExists.c.o  -o cmTC_ad813 -lpthreads 
/usr/bin/ld: cannot find -lpthreads
collect2: error: ld returned 1 exit status
make[1]: *** [cmTC_ad813] Error 1
make[1]: Leaving directory `/home/travis/build/gcalvojp/test123/kcov-master/build/CMakeFiles/CMakeTmp'
make: *** [cmTC_ad813/fast] Error 2


